<?xml version="1.0" encoding="UTF-8"?>
<!-- Generated by org.testng.reporters.JUnitReportReporter -->
<testsuite hostname="Mainuddin-PC" failures="0" tests="1" name="com.blogspot.qa.Test.ManagerTest" time="19.739" errors="0" timestamp="9 Oct 2022 17:20:54 GMT">
  <testcase classname="com.blogspot.qa.Test.ManagerTest" name="chromeTest" time="19.739"/>
</testsuite> <!-- com.blogspot.qa.Test.ManagerTest -->
