<?xml version="1.0" encoding="UTF-8"?>
<!-- Generated by org.testng.reporters.JUnitReportReporter -->
<testsuite hostname="Mainuddin-PC" failures="0" tests="1" name="com.blogspot.qa.Test.ManagerTest" time="52.836" errors="0" timestamp="26 Sep 2022 06:57:30 GMT">
  <testcase classname="com.blogspot.qa.Test.ManagerTest" name="chromeTest" time="52.836"/>
</testsuite> <!-- com.blogspot.qa.Test.ManagerTest -->
